<?xml version="1.0" encoding="UTF-8"?>
<!-- Generated by org.testng.reporters.JUnitXMLReporter -->
<testsuite ignored="0" hostname="DESKTOP-SRQBQSV" failures="0" tests="3" name="Default test" time="23.843" errors="0" timestamp="2024-04-16T12:28:24 IST">
  <testcase classname="com.zoho.testcases.TC_LoginPageTest" name="verifyLogin" time="6.447"/>
  <testcase classname="com.zoho.testcases.TC_LoginPageTest" name="verifyProdPage" time="2.404"/>
  <testcase classname="com.zoho.testcases.TC_LoginPageTest" name="verifyUser" time="3.912"/>
</testsuite> <!-- Default test -->
