<?xml version="1.0" encoding="UTF-8"?>
<!-- Generated by org.testng.reporters.JUnitXMLReporter -->
<testsuite ignored="0" hostname="DESKTOP-SRQBQSV" failures="1" tests="3" name="Test" time="29.783" errors="0" timestamp="2024-04-16T12:45:24 IST">
  <testcase classname="com.zoho.testcases.TC_LoginPageTest" name="verifyLogin" time="7.419"/>
  <testcase classname="com.zoho.testcases.TC_LoginPageTest" name="verifyProdPage" time="8.738"/>
  <testcase classname="com.zoho.testcases.TC_LoginPageTest" name="verifyUser" time="0.345">
    <failure type="java.lang.AssertionError" message="expected [true] but found [false]">
      <![CDATA[java.lang.AssertionError: expected [true] but found [false]
at com.zoho.testcases.TC_LoginPageTest.verifyUser(TC_LoginPageTest.java:101)
at java.base/java.util.ArrayList.forEach(ArrayList.java:1596)
... Removed 29 stack frames]]>
    </failure>
  </testcase> <!-- verifyUser -->
</testsuite> <!-- Test -->
