<?xml version="1.0" encoding="UTF-8"?>
<!-- Generated by org.testng.reporters.JUnitXMLReporter -->
<testsuite ignored="0" hostname="DESKTOP-SRQBQSV" failures="1" tests="1" name="Test" time="14.595" errors="0" timestamp="2024-04-17T17:11:03 IST">
  <testcase classname="com.zoho.testcases.TC_LoginPageTest2DataDrivenTest" name="verifyLogin" time="0.0">
    <failure type="java.lang.RuntimeException" message="java.lang.NegativeArraySizeException: -1">
      <![CDATA[java.lang.RuntimeException: java.lang.NegativeArraySizeException: -1
at java.base/java.util.ArrayList.forEach(ArrayList.java:1596)
Caused by: java.lang.NegativeArraySizeException: -1
at com.zoho.testcases.TC_LoginPageTest2DataDrivenTest.loginDataProvider(TC_LoginPageTest2DataDrivenTest.java:45)
... 25 more
... Removed 30 stack frames]]>
    </failure>
  </testcase> <!-- verifyLogin -->
</testsuite> <!-- Test -->
